<?xml version="1.0" encoding="UTF-8"?>
<!-- Generated by org.testng.reporters.JUnitXMLReporter -->
<testsuite ignored="14" hostname="LAPTOP-F08D4574" failures="1" tests="1" name="Surefire test" time="5.981" errors="0" timestamp="2026-03-25T20:59:28 IST">
  <testcase classname="DropDownFileUploadTest" name="fileUpload" time="3.817">
    <failure type="org.openqa.selenium.InvalidArgumentException" message="invalid argument: File not found : &amp;quot;C:\Users\rahul\OneDrive\Desktop\dsa-practice\code_force\Binary_search\FastSearch.java&amp;quot;
  (Session info: chrome=146.0.7680.164)
Build info: version: &amp;apos;4.18.1&amp;apos;, revision: &amp;apos;b1d3319b48&amp;apos;
System info: os.name: &amp;apos;Windows 11&amp;apos;, os.arch: &amp;apos;amd64&amp;apos;, os.version: &amp;apos;10.0&amp;apos;, java.version: &amp;apos;21.0.7&amp;apos;
Driver info: org.openqa.selenium.chrome.ChromeDriver
Command: [e85ce8c135054af0683674c2fd2faaea, sendKeysToElement {id=f.E9A5B75627B935E09C01C7FAF923CA87.d.3A2AB82EEBEEB7F5BC504C4585626A0A.e.5, value=[Ljava.lang.CharSequence;@7b8233cd}]
Capabilities {acceptInsecureCerts: false, browserName: chrome, browserVersion: 146.0.7680.164, chrome: {chromedriverVersion: 146.0.7680.76 (2a4a5f9f74e5..., userDataDir: C:\Users\rahul\AppData\Loca...}, fedcm:accounts: true, goog:chromeOptions: {debuggerAddress: localhost:52112}, goog:processID: 1600, networkConnectionEnabled: false, pageLoadStrategy: normal, platformName: windows, proxy: Proxy(), se:cdp: ws://localhost:52112/devtoo..., se:cdpVersion: 146.0.7680.164, setWindowRect: true, strictFileInteractability: false, timeouts: {implicit: 0, pageLoad: 300000, script: 30000}, unhandledPromptBehavior: dismiss and notify, webauthn:extension:credBlob: true, webauthn:extension:largeBlob: true, webauthn:extension:minPinLength: true, webauthn:extension:prf: true, webauthn:virtualAuthenticators: true}
Element: [[ChromeDriver: chrome on windows (e85ce8c135054af0683674c2fd2faaea)] -&amp;gt; id: file-upload]
Session ID: e85ce8c135054af0683674c2fd2faaea">
      <![CDATA[org.openqa.selenium.InvalidArgumentException: invalid argument: File not found : "C:\Users\rahul\OneDrive\Desktop\dsa-practice\code_force\Binary_search\FastSearch.java"
  (Session info: chrome=146.0.7680.164)
Build info: version: '4.18.1', revision: 'b1d3319b48'
System info: os.name: 'Windows 11', os.arch: 'amd64', os.version: '10.0', java.version: '21.0.7'
Driver info: org.openqa.selenium.chrome.ChromeDriver
Command: [e85ce8c135054af0683674c2fd2faaea, sendKeysToElement {id=f.E9A5B75627B935E09C01C7FAF923CA87.d.3A2AB82EEBEEB7F5BC504C4585626A0A.e.5, value=[Ljava.lang.CharSequence;@7b8233cd}]
Capabilities {acceptInsecureCerts: false, browserName: chrome, browserVersion: 146.0.7680.164, chrome: {chromedriverVersion: 146.0.7680.76 (2a4a5f9f74e5..., userDataDir: C:\Users\rahul\AppData\Loca...}, fedcm:accounts: true, goog:chromeOptions: {debuggerAddress: localhost:52112}, goog:processID: 1600, networkConnectionEnabled: false, pageLoadStrategy: normal, platformName: windows, proxy: Proxy(), se:cdp: ws://localhost:52112/devtoo..., se:cdpVersion: 146.0.7680.164, setWindowRect: true, strictFileInteractability: false, timeouts: {implicit: 0, pageLoad: 300000, script: 30000}, unhandledPromptBehavior: dismiss and notify, webauthn:extension:credBlob: true, webauthn:extension:largeBlob: true, webauthn:extension:minPinLength: true, webauthn:extension:prf: true, webauthn:virtualAuthenticators: true}
Element: [[ChromeDriver: chrome on windows (e85ce8c135054af0683674c2fd2faaea)] -> id: file-upload]
Session ID: e85ce8c135054af0683674c2fd2faaea
at org.openqa.selenium.remote.ErrorCodec.decode(ErrorCodec.java:167)
at org.openqa.selenium.remote.codec.w3c.W3CHttpResponseCodec.decode(W3CHttpResponseCodec.java:138)
at org.openqa.selenium.remote.codec.w3c.W3CHttpResponseCodec.decode(W3CHttpResponseCodec.java:50)
at org.openqa.selenium.remote.HttpCommandExecutor.execute(HttpCommandExecutor.java:190)
at org.openqa.selenium.remote.service.DriverCommandExecutor.invokeExecute(DriverCommandExecutor.java:216)
at org.openqa.selenium.remote.service.DriverCommandExecutor.execute(DriverCommandExecutor.java:174)
at org.openqa.selenium.remote.RemoteWebDriver.execute(RemoteWebDriver.java:519)
at org.openqa.selenium.remote.RemoteWebElement.execute(RemoteWebElement.java:223)
at org.openqa.selenium.remote.RemoteWebElement.sendKeys(RemoteWebElement.java:110)
at DropDownFileUploadTest.fileUpload(DropDownFileUploadTest.java:59)
at java.base/java.util.ArrayList.forEach(ArrayList.java:1596)
... Removed 33 stack frames]]>
    </failure>
  </testcase> <!-- fileUpload -->
  <testcase classname="LoginFormTest" name="invalidUserPass" time="0.0">
    <ignored/>
  </testcase> <!-- invalidUserPass -->
  <testcase classname="LoginFormTest" name="correctUserPass" time="0.0">
    <ignored/>
  </testcase> <!-- correctUserPass -->
  <testcase classname="ChallDomTest" name="ChallDom" time="0.0">
    <ignored/>
  </testcase> <!-- ChallDom -->
  <testcase classname="LoginFormTest" name="validUsername" time="0.0">
    <ignored/>
  </testcase> <!-- validUsername -->
  <testcase classname="ABTestingTest" name="ABtest" time="0.0">
    <ignored/>
  </testcase> <!-- ABtest -->
  <testcase classname="LoginFormTest" name="validPassword" time="0.0">
    <ignored/>
  </testcase> <!-- validPassword -->
  <testcase classname="BasicAuthTest" name="BasicAuth" time="0.0">
    <ignored/>
  </testcase> <!-- BasicAuth -->
  <testcase classname="DropDownTest" name="DropDown" time="0.0">
    <ignored/>
  </testcase> <!-- DropDown -->
  <testcase classname="ChallDomTest" name="CheckBox" time="0.0">
    <ignored/>
  </testcase> <!-- CheckBox -->
  <testcase classname="DropDownFileUploadTest" name="dropDown" time="0.0">
    <ignored/>
  </testcase> <!-- dropDown -->
  <testcase classname="LoginFormTest" name="noInput" time="0.0">
    <ignored/>
  </testcase> <!-- noInput -->
  <testcase classname="DropDownTest" name="DisappEle" time="0.0">
    <ignored/>
  </testcase> <!-- DisappEle -->
  <testcase classname="DropDownTest" name="ContextMenu" time="0.0">
    <ignored/>
  </testcase> <!-- ContextMenu -->
  <testcase classname="AddRemoveElementsTest" name="AddRemoveEle" time="0.0">
    <ignored/>
  </testcase> <!-- AddRemoveEle -->
</testsuite> <!-- Surefire test -->
