<?xml version="1.0" encoding="UTF-8"?>
<testng-results ignored="0" total="2" passed="2" failed="0" skipped="0">
  <reporter-output>
  </reporter-output>
  <suite started-at="2026-03-17T20:58:24 IST" name="Surefire suite" finished-at="2026-03-17T20:58:39 IST" duration-ms="14820">
    <groups>
    </groups>
    <test started-at="2026-03-17T20:58:24 IST" name="Surefire test" finished-at="2026-03-17T20:58:39 IST" duration-ms="14820">
      <class name="ABTestingTest">
        <test-method is-config="true" signature="setUp()[pri:0, instance:ABTestingTest@5a955565]" started-at="2026-03-17T20:58:24 IST" name="setUp" finished-at="2026-03-17T20:58:32 IST" duration-ms="7835" status="PASS">
          <reporter-output>
          </reporter-output>
        </test-method> <!-- setUp -->
        <test-method signature="ABtest()[pri:0, instance:ABTestingTest@5a955565]" started-at="2026-03-17T20:58:32 IST" name="ABtest" finished-at="2026-03-17T20:58:32 IST" duration-ms="89" status="PASS">
          <reporter-output>
          </reporter-output>
        </test-method> <!-- ABtest -->
        <test-method is-config="true" signature="tearDown()[pri:0, instance:ABTestingTest@5a955565]" started-at="2026-03-17T20:58:32 IST" name="tearDown" finished-at="2026-03-17T20:58:33 IST" duration-ms="700" status="PASS">
          <reporter-output>
          </reporter-output>
        </test-method> <!-- tearDown -->
      </class> <!-- ABTestingTest -->
      <class name="AddRemoveElementsTest">
        <test-method is-config="true" signature="setUp()[pri:0, instance:AddRemoveElementsTest@6b26e945]" started-at="2026-03-17T20:58:33 IST" name="setUp" finished-at="2026-03-17T20:58:38 IST" duration-ms="4746" status="PASS">
          <reporter-output>
          </reporter-output>
        </test-method> <!-- setUp -->
        <test-method signature="AddRemoveEle()[pri:0, instance:AddRemoveElementsTest@6b26e945]" started-at="2026-03-17T20:58:38 IST" name="AddRemoveEle" finished-at="2026-03-17T20:58:39 IST" duration-ms="854" status="PASS">
          <reporter-output>
          </reporter-output>
        </test-method> <!-- AddRemoveEle -->
        <test-method is-config="true" signature="tearDown()[pri:0, instance:AddRemoveElementsTest@6b26e945]" started-at="2026-03-17T20:58:39 IST" name="tearDown" finished-at="2026-03-17T20:58:39 IST" duration-ms="486" status="PASS">
          <reporter-output>
          </reporter-output>
        </test-method> <!-- tearDown -->
      </class> <!-- AddRemoveElementsTest -->
    </test> <!-- Surefire test -->
  </suite> <!-- Surefire suite -->
</testng-results>
