<?xml version="1.0" encoding="UTF-8"?>
<testng-results ignored="0" total="2" passed="2" failed="0" skipped="0">
  <reporter-output>
  </reporter-output>
  <suite started-at="2026-03-20T20:56:12 IST" name="Surefire suite" finished-at="2026-03-20T20:56:26 IST" duration-ms="13660">
    <groups>
      <group name="ChallDom">
        <method signature="ChallDomTest.ChallDom()[pri:0, instance:ChallDomTest@75329a49]" name="ChallDom" class="ChallDomTest"/>
      </group> <!-- ChallDom -->
      <group name="checkbox">
        <method signature="ChallDomTest.CheckBox()[pri:0, instance:ChallDomTest@75329a49]" name="CheckBox" class="ChallDomTest"/>
      </group> <!-- checkbox -->
      <group name="Regression">
        <method signature="ChallDomTest.ChallDom()[pri:0, instance:ChallDomTest@75329a49]" name="ChallDom" class="ChallDomTest"/>
        <method signature="ChallDomTest.CheckBox()[pri:0, instance:ChallDomTest@75329a49]" name="CheckBox" class="ChallDomTest"/>
      </group> <!-- Regression -->
    </groups>
    <test started-at="2026-03-20T20:56:12 IST" name="Surefire test" finished-at="2026-03-20T20:56:26 IST" duration-ms="13660">
      <class name="ChallDomTest">
        <test-method is-config="true" signature="Setup()[pri:0, instance:ChallDomTest@75329a49]" started-at="2026-03-20T20:56:12 IST" name="Setup" finished-at="2026-03-20T20:56:15 IST" duration-ms="2580" status="PASS">
          <reporter-output>
          </reporter-output>
        </test-method> <!-- Setup -->
        <test-method signature="ChallDom()[pri:0, instance:ChallDomTest@75329a49]" started-at="2026-03-20T20:56:15 IST" name="ChallDom" finished-at="2026-03-20T20:56:19 IST" duration-ms="3916" status="PASS">
          <reporter-output>
          </reporter-output>
        </test-method> <!-- ChallDom -->
        <test-method is-config="true" signature="WorkDone()[pri:0, instance:ChallDomTest@75329a49]" started-at="2026-03-20T20:56:19 IST" name="WorkDone" finished-at="2026-03-20T20:56:19 IST" duration-ms="628" status="PASS">
          <reporter-output>
          </reporter-output>
        </test-method> <!-- WorkDone -->
        <test-method is-config="true" signature="Setup()[pri:0, instance:ChallDomTest@75329a49]" started-at="2026-03-20T20:56:19 IST" name="Setup" finished-at="2026-03-20T20:56:21 IST" duration-ms="1496" status="PASS">
          <reporter-output>
          </reporter-output>
        </test-method> <!-- Setup -->
        <test-method signature="CheckBox()[pri:0, instance:ChallDomTest@75329a49]" started-at="2026-03-20T20:56:21 IST" name="CheckBox" finished-at="2026-03-20T20:56:25 IST" duration-ms="4377" status="PASS">
          <reporter-output>
          </reporter-output>
        </test-method> <!-- CheckBox -->
        <test-method is-config="true" signature="WorkDone()[pri:0, instance:ChallDomTest@75329a49]" started-at="2026-03-20T20:56:25 IST" name="WorkDone" finished-at="2026-03-20T20:56:26 IST" duration-ms="587" status="PASS">
          <reporter-output>
          </reporter-output>
        </test-method> <!-- WorkDone -->
      </class> <!-- ChallDomTest -->
    </test> <!-- Surefire test -->
  </suite> <!-- Surefire suite -->
</testng-results>
